[+] Containers:
 |- [+] Container: /Game/ThirdPerson/Maps/MainMenuMap
 |   |- [+] ActorDescs:
 |   |   |- Guid:0613E85B431E3E8698BA67AB2FAD3381 BaseClass: NativeClass:/Script/NavigationSystem.RecastNavMesh Name:RecastNavMesh_UAID_04BF1B671083F31602-Default Label:RecastNavMesh-Default SpatiallyLoaded:0 Bounds:IsValid=true, Min=(X=0.000 Y=0.000 Z=0.000), Max=(X=0.000 Y=0.000 Z=0.000) RuntimeGrid:None EditorOnly:0 RuntimeOnly:0 HLODRelevant:0 ListedInSceneOutliner:1 IsMainWorldOnly:0
 |   |   |- Guid:26DB5F7D4348427BBA8468B9AD90D498 BaseClass:/Game/InsectGlaiveDemo/BPs/Stage.Stage_C NativeClass:/Script/Engine.Actor Name:Stage_C_UAID_04BF1B6710832A1902_1437887291 Label:Stage SpatiallyLoaded:1 Bounds:IsValid=true, Min=(X=-1878.141 Y=-3418.719 Z=-100.002), Max=(X=11220.878 Y=8618.809 Z=3256.679) RuntimeGrid:None EditorOnly:0 RuntimeOnly:0 HLODRelevant:0 ListedInSceneOutliner:1 IsMainWorldOnly:0
 |   |   |- Guid:3313DE2341F7FC53B71811A96AE5FDCA BaseClass: NativeClass:/Script/Engine.WorldDataLayers Name:WorldDataLayers Label:WorldDataLayers-1 SpatiallyLoaded:0 Bounds:Invalid RuntimeGrid:None EditorOnly:0 RuntimeOnly:0 HLODRelevant:0 ListedInSceneOutliner:1 IsMainWorldOnly:1
 |   |   |- Guid:559A48514C642FCF95150EB1D4C933D9 BaseClass: NativeClass:/Script/Engine.VolumetricCloud Name:VolumetricCloud_1 Label:VolumetricCloud SpatiallyLoaded:0 Bounds:IsValid=true, Min=(X=0.000 Y=0.000 Z=820.000), Max=(X=0.000 Y=0.000 Z=820.000) RuntimeGrid:None EditorOnly:0 RuntimeOnly:0 HLODRelevant:0 ListedInSceneOutliner:1 IsMainWorldOnly:0 FolderPath:Lighting FolderGuid:08A10B054C95868C663DE39EE4343813
 |   |   |- Guid:842B42E147FA91759B0EE9926639D94C BaseClass: NativeClass:/Script/Engine.SkyLight Name:SkyLight_0 Label:SkyLight SpatiallyLoaded:0 Bounds:IsValid=true, Min=(X=0.000 Y=0.000 Z=690.000), Max=(X=0.000 Y=0.000 Z=690.000) RuntimeGrid:None EditorOnly:0 RuntimeOnly:0 HLODRelevant:0 ListedInSceneOutliner:1 IsMainWorldOnly:0 FolderPath:Lighting FolderGuid:08A10B054C95868C663DE39EE4343813
 |   |   |- Guid:A9622C1B4008AFFEB3608FA471CE7BCD BaseClass: NativeClass:/Script/Engine.PostProcessVolume Name:PostProcessVolume_0 Label:PostProcessVolume SpatiallyLoaded:0 Bounds:IsValid=true, Min=(X=0.000 Y=0.000 Z=400.000), Max=(X=200.000 Y=200.000 Z=600.000) RuntimeGrid:None EditorOnly:0 RuntimeOnly:0 HLODRelevant:0 ListedInSceneOutliner:1 IsMainWorldOnly:0 FolderPath:Lighting FolderGuid:08A10B054C95868C663DE39EE4343813
 |   |   |- Guid:A9B6FF364240DC3EB23C47ABB5662EAD BaseClass: NativeClass:/Script/Engine.TextRenderActor Name:TextRenderActor_1 Label:TextRenderActor SpatiallyLoaded:1 Bounds:IsValid=true, Min=(X=-0.100 Y=1100.000 Z=65.013), Max=(X=-0.100 Y=2392.308 Z=215.013) RuntimeGrid:None EditorOnly:0 RuntimeOnly:0 HLODRelevant:0 ListedInSceneOutliner:1 IsMainWorldOnly:0
 |   |   |- Guid:BA72601742C545999BCD9AAABE9D744D BaseClass: NativeClass:/Script/Engine.ExponentialHeightFog Name:ExponentialHeightFog_1 Label:ExponentialHeightFog SpatiallyLoaded:0 Bounds:IsValid=true, Min=(X=-5600.000 Y=-50.000 Z=-6850.000), Max=(X=-5600.000 Y=-50.000 Z=-6850.000) RuntimeGrid:None EditorOnly:0 RuntimeOnly:0 HLODRelevant:0 ListedInSceneOutliner:1 IsMainWorldOnly:0 FolderPath:Lighting FolderGuid:08A10B054C95868C663DE39EE4343813
 |   |   |- Guid:C07CB90748C33F81D0534A99F5390036 BaseClass: NativeClass:/Script/Engine.SkyAtmosphere Name:SkyAtmosphere_1 Label:SkyAtmosphere SpatiallyLoaded:0 Bounds:IsValid=true, Min=(X=0.000 Y=0.000 Z=1020.000), Max=(X=0.000 Y=0.000 Z=1020.000) RuntimeGrid:None EditorOnly:0 RuntimeOnly:0 HLODRelevant:0 ListedInSceneOutliner:1 IsMainWorldOnly:0 FolderPath:Lighting FolderGuid:08A10B054C95868C663DE39EE4343813
 |   |   |- Guid:C5E3436D47CA4C27B9894F841BB12F44 BaseClass: NativeClass:/Script/Engine.DirectionalLight Name:DirectionalLight_1 Label:DirectionalLight SpatiallyLoaded:0 Bounds:Invalid RuntimeGrid:None EditorOnly:0 RuntimeOnly:0 HLODRelevant:0 ListedInSceneOutliner:1 IsMainWorldOnly:0 FolderPath:Lighting FolderGuid:08A10B054C95868C663DE39EE4343813
 |   |   |- Guid:CC5EF91A449E9C328E398985172BB6B6 BaseClass:/Game/GoodSky/Blueprint/BP_GoodSky.BP_GoodSky_C NativeClass:/Script/Engine.Actor Name:BP_GoodSky_C_UAID_04BF1B6710832C1902_1994550659 Label:BP_GoodSky SpatiallyLoaded:1 Bounds:IsValid=true, Min=(X=-1640284.175 Y=-1772234.368 Z=-2292067.382), Max=(X=1640283.403 Y=1508333.596 Z=895567.382) RuntimeGrid:None EditorOnly:0 RuntimeOnly:0 HLODRelevant:0 ListedInSceneOutliner:1 IsMainWorldOnly:0 FolderPath:Lighting FolderGuid:08A10B054C95868C663DE39EE4343813
 |   |- [+] Clusters:
 |   |   |- [+] [  0]
 |   |   |   |- Guid:0613E85B431E3E8698BA67AB2FAD3381 BaseClass: NativeClass:/Script/NavigationSystem.RecastNavMesh Name:RecastNavMesh_UAID_04BF1B671083F31602-Default Label:RecastNavMesh-Default SpatiallyLoaded:0 Bounds:IsValid=true, Min=(X=0.000 Y=0.000 Z=0.000), Max=(X=0.000 Y=0.000 Z=0.000) RuntimeGrid:None EditorOnly:0 RuntimeOnly:0 HLODRelevant:0 ListedInSceneOutliner:1 IsMainWorldOnly:0
 |   |   |- [+] [  1]
 |   |   |   |- Guid:26DB5F7D4348427BBA8468B9AD90D498 BaseClass:/Game/InsectGlaiveDemo/BPs/Stage.Stage_C NativeClass:/Script/Engine.Actor Name:Stage_C_UAID_04BF1B6710832A1902_1437887291 Label:Stage SpatiallyLoaded:1 Bounds:IsValid=true, Min=(X=-1878.141 Y=-3418.719 Z=-100.002), Max=(X=11220.878 Y=8618.809 Z=3256.679) RuntimeGrid:None EditorOnly:0 RuntimeOnly:0 HLODRelevant:0 ListedInSceneOutliner:1 IsMainWorldOnly:0
 |   |   |- [+] [  2]
 |   |   |   |- Guid:3313DE2341F7FC53B71811A96AE5FDCA BaseClass: NativeClass:/Script/Engine.WorldDataLayers Name:WorldDataLayers Label:WorldDataLayers-1 SpatiallyLoaded:0 Bounds:Invalid RuntimeGrid:None EditorOnly:0 RuntimeOnly:0 HLODRelevant:0 ListedInSceneOutliner:1 IsMainWorldOnly:1
 |   |   |- [+] [  3]
 |   |   |   |- Guid:559A48514C642FCF95150EB1D4C933D9 BaseClass: NativeClass:/Script/Engine.VolumetricCloud Name:VolumetricCloud_1 Label:VolumetricCloud SpatiallyLoaded:0 Bounds:IsValid=true, Min=(X=0.000 Y=0.000 Z=820.000), Max=(X=0.000 Y=0.000 Z=820.000) RuntimeGrid:None EditorOnly:0 RuntimeOnly:0 HLODRelevant:0 ListedInSceneOutliner:1 IsMainWorldOnly:0 FolderPath:Lighting FolderGuid:08A10B054C95868C663DE39EE4343813
 |   |   |- [+] [  4]
 |   |   |   |- Guid:842B42E147FA91759B0EE9926639D94C BaseClass: NativeClass:/Script/Engine.SkyLight Name:SkyLight_0 Label:SkyLight SpatiallyLoaded:0 Bounds:IsValid=true, Min=(X=0.000 Y=0.000 Z=690.000), Max=(X=0.000 Y=0.000 Z=690.000) RuntimeGrid:None EditorOnly:0 RuntimeOnly:0 HLODRelevant:0 ListedInSceneOutliner:1 IsMainWorldOnly:0 FolderPath:Lighting FolderGuid:08A10B054C95868C663DE39EE4343813
 |   |   |- [+] [  5]
 |   |   |   |- Guid:A9622C1B4008AFFEB3608FA471CE7BCD BaseClass: NativeClass:/Script/Engine.PostProcessVolume Name:PostProcessVolume_0 Label:PostProcessVolume SpatiallyLoaded:0 Bounds:IsValid=true, Min=(X=0.000 Y=0.000 Z=400.000), Max=(X=200.000 Y=200.000 Z=600.000) RuntimeGrid:None EditorOnly:0 RuntimeOnly:0 HLODRelevant:0 ListedInSceneOutliner:1 IsMainWorldOnly:0 FolderPath:Lighting FolderGuid:08A10B054C95868C663DE39EE4343813
 |   |   |- [+] [  6]
 |   |   |   |- Guid:A9B6FF364240DC3EB23C47ABB5662EAD BaseClass: NativeClass:/Script/Engine.TextRenderActor Name:TextRenderActor_1 Label:TextRenderActor SpatiallyLoaded:1 Bounds:IsValid=true, Min=(X=-0.100 Y=1100.000 Z=65.013), Max=(X=-0.100 Y=2392.308 Z=215.013) RuntimeGrid:None EditorOnly:0 RuntimeOnly:0 HLODRelevant:0 ListedInSceneOutliner:1 IsMainWorldOnly:0
 |   |   |- [+] [  7]
 |   |   |   |- Guid:BA72601742C545999BCD9AAABE9D744D BaseClass: NativeClass:/Script/Engine.ExponentialHeightFog Name:ExponentialHeightFog_1 Label:ExponentialHeightFog SpatiallyLoaded:0 Bounds:IsValid=true, Min=(X=-5600.000 Y=-50.000 Z=-6850.000), Max=(X=-5600.000 Y=-50.000 Z=-6850.000) RuntimeGrid:None EditorOnly:0 RuntimeOnly:0 HLODRelevant:0 ListedInSceneOutliner:1 IsMainWorldOnly:0 FolderPath:Lighting FolderGuid:08A10B054C95868C663DE39EE4343813
 |   |   |- [+] [  8]
 |   |   |   |- Guid:C07CB90748C33F81D0534A99F5390036 BaseClass: NativeClass:/Script/Engine.SkyAtmosphere Name:SkyAtmosphere_1 Label:SkyAtmosphere SpatiallyLoaded:0 Bounds:IsValid=true, Min=(X=0.000 Y=0.000 Z=1020.000), Max=(X=0.000 Y=0.000 Z=1020.000) RuntimeGrid:None EditorOnly:0 RuntimeOnly:0 HLODRelevant:0 ListedInSceneOutliner:1 IsMainWorldOnly:0 FolderPath:Lighting FolderGuid:08A10B054C95868C663DE39EE4343813
 |   |   |- [+] [  9]
 |   |   |   |- Guid:C5E3436D47CA4C27B9894F841BB12F44 BaseClass: NativeClass:/Script/Engine.DirectionalLight Name:DirectionalLight_1 Label:DirectionalLight SpatiallyLoaded:0 Bounds:Invalid RuntimeGrid:None EditorOnly:0 RuntimeOnly:0 HLODRelevant:0 ListedInSceneOutliner:1 IsMainWorldOnly:0 FolderPath:Lighting FolderGuid:08A10B054C95868C663DE39EE4343813
 |   |   |- [+] [ 10]
 |   |   |   |- Guid:CC5EF91A449E9C328E398985172BB6B6 BaseClass:/Game/GoodSky/Blueprint/BP_GoodSky.BP_GoodSky_C NativeClass:/Script/Engine.Actor Name:BP_GoodSky_C_UAID_04BF1B6710832C1902_1994550659 Label:BP_GoodSky SpatiallyLoaded:1 Bounds:IsValid=true, Min=(X=-1640284.175 Y=-1772234.368 Z=-2292067.382), Max=(X=1640283.403 Y=1508333.596 Z=895567.382) RuntimeGrid:None EditorOnly:0 RuntimeOnly:0 HLODRelevant:0 ListedInSceneOutliner:1 IsMainWorldOnly:0 FolderPath:Lighting FolderGuid:08A10B054C95868C663DE39EE4343813
 |- ContainerInstances:
 |- [+] MainContainer:
 |   |-        ID: 00000000000000000000000000000000
 |   |-  ParentID: 00000000000000000000000000000000
 |   |-    Bounds: IsValid=false, Min=(X=0.000 Y=0.000 Z=0.000), Max=(X=0.000 Y=0.000 Z=0.000)
 |   |- Transform: 0.000000,0.000000,0.000000|0.000000,0.000000,-0.000000|1.000000,1.000000,1.000000
 |   |- Container: /Game/ThirdPerson/Maps/MainMenuMap
----------------------------------------------------------------------------------------------------------------
MainMenuMap - Persistent Level
----------------------------------------------------------------------------------------------------------------
[+] Content of MainMenuMap Persistent Level
 |- Always loaded Actor Count: 10 
 |- Actor Path: /Game/ThirdPerson/Maps/MainMenuMap.MainMenuMap:PersistentLevel.BP_GoodSky_C_UAID_04BF1B6710832C1902_1994550659
 |- Actor Package: /Game/__ExternalActors__/ThirdPerson/Maps/MainMenuMap/C/F8/JE17D8CA5H50L2IQSFOM7P
 |- Actor Path: /Game/ThirdPerson/Maps/MainMenuMap.MainMenuMap:PersistentLevel.DirectionalLight_1
 |- Actor Package: /Game/__ExternalActors__/ThirdPerson/Maps/MainMenuMap/B/08/7A6D7EZ1FP9KCN0F86A7RK
 |- Actor Path: /Game/ThirdPerson/Maps/MainMenuMap.MainMenuMap:PersistentLevel.ExponentialHeightFog_1
 |- Actor Package: /Game/__ExternalActors__/ThirdPerson/Maps/MainMenuMap/B/25/FUP20Z008SOZWGUNCQMIWF
 |- Actor Path: /Game/ThirdPerson/Maps/MainMenuMap.MainMenuMap:PersistentLevel.PostProcessVolume_0
 |- Actor Package: /Game/__ExternalActors__/ThirdPerson/Maps/MainMenuMap/E/JS/WJ2GTHTDGP0S7DKVBMUT4I
 |- Actor Path: /Game/ThirdPerson/Maps/MainMenuMap.MainMenuMap:PersistentLevel.RecastNavMesh_UAID_04BF1B671083F31602-Default
 |- Actor Package: /Game/__ExternalActors__/ThirdPerson/Maps/MainMenuMap/7/3H/5L4TBHQLJJJJKIWFZ00RO9
 |- Actor Path: /Game/ThirdPerson/Maps/MainMenuMap.MainMenuMap:PersistentLevel.SkyAtmosphere_1
 |- Actor Package: /Game/__ExternalActors__/ThirdPerson/Maps/MainMenuMap/5/9T/F79KRY15EPGZ5P5GLCHPN1
 |- Actor Path: /Game/ThirdPerson/Maps/MainMenuMap.MainMenuMap:PersistentLevel.SkyLight_0
 |- Actor Package: /Game/__ExternalActors__/ThirdPerson/Maps/MainMenuMap/5/FB/6D5Y7ST387M2UJZPLA5DL3
 |- Actor Path: /Game/ThirdPerson/Maps/MainMenuMap.MainMenuMap:PersistentLevel.Stage_C_UAID_04BF1B6710832A1902_1437887291
 |- Actor Package: /Game/__ExternalActors__/ThirdPerson/Maps/MainMenuMap/0/BV/HNQVKI50GGF2B7TR0J4JUN
 |- Actor Path: /Game/ThirdPerson/Maps/MainMenuMap.MainMenuMap:PersistentLevel.TextRenderActor_1
 |- Actor Package: /Game/__ExternalActors__/ThirdPerson/Maps/MainMenuMap/1/G4/UEQB1LOE1UWG8GRK0MDMJ5
 |- Actor Path: /Game/ThirdPerson/Maps/MainMenuMap.MainMenuMap:PersistentLevel.VolumetricCloud_1
 |- Actor Package: /Game/__ExternalActors__/ThirdPerson/Maps/MainMenuMap/5/YY/CLNE6QN2897QKRTZZK1MWJ

----------------------------------------------------------------------------------------------------------------
MainMenuMap - Runtime Hash Set
----------------------------------------------------------------------------------------------------------------

